<?xml version="1.0" encoding="UTF-8"?>
<!-- Generated by org.testng.reporters.JUnitReportReporter -->
<testsuite hostname="DESKTOP-KV8NTR0" failures="0" tests="2" name="com.runner.KynhoodRunner" time="80.691" errors="0" timestamp="2024-08-12T15:01:38 IST" skipped="0">
  <testcase classname="com.runner.KynhoodRunner" name="homeFeedTest" time="71.656"/>
  <system-out/>
  <testcase classname="com.runner.KynhoodRunner" name="klipseNameTitleValidation" time="9.035"/>
  <system-out/>
</testsuite> <!-- com.runner.KynhoodRunner -->
